<?xml version="1.0" encoding="UTF-8"?>
<testng-results ignored="0" total="1" passed="1" failed="0" skipped="0">
  <reporter-output>
  </reporter-output>
  <suite started-at="2023-01-31T16:54:00 IST" name="Default suite" finished-at="2023-01-31T16:54:03 IST" duration-ms="2547">
    <groups>
    </groups>
    <test started-at="2023-01-31T16:54:00 IST" name="Default test" finished-at="2023-01-31T16:54:03 IST" duration-ms="2547">
      <class name="PostRestApi">
        <test-method signature="PostApi()[pri:0, instance:PostRestApi@383bfa16]" started-at="2023-01-31T16:54:00 IST" name="PostApi" finished-at="2023-01-31T16:54:03 IST" duration-ms="2462" status="PASS">
          <reporter-output>
          </reporter-output>
        </test-method> <!-- PostApi -->
      </class> <!-- PostRestApi -->
    </test> <!-- Default test -->
  </suite> <!-- Default suite -->
</testng-results>
